14:19:08.064 INFO [GridLauncherV3.parse] - Selenium server version: 3.141.59, revision: e82be7d358
14:19:08.207 INFO [GridLauncherV3.lambda$buildLaunchers$3] - Launching a standalone Selenium Server on port 4444
2019-08-06 14:19:08.330:INFO::main: Logging initialized @1165ms to org.seleniumhq.jetty9.util.log.StdErrLog
14:19:08.893 INFO [WebDriverServlet.<init>] - Initialising WebDriverServlet
14:19:09.698 INFO [SeleniumServer.boot] - Selenium Server is up and running on port 4444
14:19:10.201 INFO [ActiveSessionFactory.apply] - Capabilities are: {
  "acceptSslCerts": true,
  "browserName": "firefox",
  "javascriptEnabled": true
}
14:19:10.205 INFO [ActiveSessionFactory.lambda$apply$11] - Matched factory org.openqa.selenium.grid.session.remote.ServicedSession$Factory (provider: org.openqa.selenium.firefox.GeckoDriverService)
1565090351295	mozrunner::runner	INFO	Running command: "C:\\Program Files\\Mozilla Firefox\\firefox.exe" "-marionette" "-foreground" "-no-remote" "-profile" "C:\\Users\\VALENT~1.TIM\\AppData\\Local\\Temp\\rust_mozprofile.zrMwHu759ZSZ"
1565090352663	addons.webextension.screenshots@mozilla.org	WARN	Loading extension 'screenshots@mozilla.org': Reading manifest: Invalid extension permission: mozillaAddons
1565090352663	addons.webextension.screenshots@mozilla.org	WARN	Loading extension 'screenshots@mozilla.org': Reading manifest: Invalid extension permission: telemetry
1565090352664	addons.webextension.screenshots@mozilla.org	WARN	Loading extension 'screenshots@mozilla.org': Reading manifest: Invalid extension permission: resource://pdf.js/
1565090352664	addons.webextension.screenshots@mozilla.org	WARN	Loading extension 'screenshots@mozilla.org': Reading manifest: Invalid extension permission: about:reader*
1565090355857	Marionette	INFO	Listening on port 60360
14:19:16.102 INFO [ProtocolHandshake.createSession] - Detected dialect: W3C
14:19:16.198 INFO [RemoteSession$Factory.lambda$performHandshake$0] - Started new session 35f027bb-959a-4d5d-80cb-b3fc24a20272 (org.openqa.selenium.firefox.GeckoDriverService)
1565090359925	Marionette	INFO	Stopped listening on port 60360
[Parent 12020, Gecko_IOThread] WARNING: pipe error: 109: file z:/task_1563383129/build/src/ipc/chromium/src/chrome/common/ipc_channel_win.cc, line 341
[Parent 12020, Gecko_IOThread] WARNING: pipe error: 109: file z:/task_1563383129/build/src/ipc/chromium/src/chrome/common/ipc_channel_win.cc, line 341
[Parent 12020, Gecko_IOThread] WARNING: pipe error: 109: file z:/task_1563383129/build/src/ipc/chromium/src/chrome/common/ipc_channel_win.cc, line 341

###!!! [Child][RunMessage] Error: Channel closing: too late to send/recv, messages will be lost

[GPU 9744, Chrome_ChildTh
###!!! [Child][MessageChannel::SendAndWait] Error: Channel error: cannot send/recv

